<?xml version="1.0" encoding="UTF-8"?>
<!-- Generated by org.testng.reporters.JUnitXMLReporter -->
<testsuite ignored="3" hostname="Poonamite" failures="0" tests="2" name="Default test" time="0.045" errors="0" timestamp="2024-12-27T19:06:39 CST">
  <testcase classname="testSuite1.Module1" name="login" time="0.009"/>
  <testcase classname="testSuite1.Module1" name="login" time="0.001"/>
  <testcase classname="testSuite1.Module1" name="test003" time="0.0">
    <ignored/>
  </testcase> <!-- test003 -->
  <testcase classname="testSuite1.Module1" name="test002" time="0.0">
    <ignored/>
  </testcase> <!-- test002 -->
  <testcase classname="testSuite1.Module1" name="test001" time="0.0">
    <ignored/>
  </testcase> <!-- test001 -->
</testsuite> <!-- Default test -->
