<?xml version="1.0" encoding="UTF-8"?>
<testng-results ignored="4" total="7" passed="3" failed="0" skipped="0">
  <reporter-output>
  </reporter-output>
  <suite started-at="2024-12-27T19:25:46 CST" name="TestSuite1" finished-at="2024-12-27T19:25:46 CST" duration-ms="45">
    <groups>
    </groups>
    <test started-at="2024-12-27T19:25:46 CST" name="Sanity" finished-at="2024-12-27T19:25:46 CST" duration-ms="45">
      <class name="testSuite1.Module1">
        <test-method is-config="true" signature="beforeMethod()[pri:0, instance:testSuite1.Module1@49139829]" started-at="2024-12-27T19:25:46 CST" name="beforeMethod" finished-at="2024-12-27T19:25:46 CST" duration-ms="3" status="PASS">
          <reporter-output>
          </reporter-output>
        </test-method> <!-- beforeMethod -->
        <test-method signature="test001()[pri:0, instance:testSuite1.Module1@49139829]" started-at="2024-12-27T19:25:46 CST" name="test001" finished-at="2024-12-27T19:25:46 CST" duration-ms="4" status="PASS">
          <reporter-output>
          </reporter-output>
        </test-method> <!-- test001 -->
        <test-method is-config="true" signature="afterMethod()[pri:0, instance:testSuite1.Module1@49139829]" started-at="2024-12-27T19:25:46 CST" name="afterMethod" finished-at="2024-12-27T19:25:46 CST" duration-ms="1" status="PASS">
          <reporter-output>
          </reporter-output>
        </test-method> <!-- afterMethod -->
      </class> <!-- testSuite1.Module1 -->
      <class name="testSuite1.Module2">
        <test-method signature="test001()[pri:0, instance:testSuite1.Module2@7cc0cdad]" started-at="2024-12-27T19:25:46 CST" name="test001" finished-at="2024-12-27T19:25:46 CST" duration-ms="7" status="PASS">
          <reporter-output>
          </reporter-output>
        </test-method> <!-- test001 -->
        <test-method signature="test002()[pri:0, instance:testSuite1.Module2@7cc0cdad]" started-at="2024-12-27T19:25:46 CST" name="test002" finished-at="2024-12-27T19:25:46 CST" duration-ms="3" status="PASS">
          <reporter-output>
          </reporter-output>
        </test-method> <!-- test002 -->
      </class> <!-- testSuite1.Module2 -->
    </test> <!-- Sanity -->
  </suite> <!-- TestSuite1 -->
</testng-results>
